2011-05-21 15:52:58 > look
2011-05-21 15:52:58 > look at renfield
2011-05-21 15:52:58 > s
2011-05-21 15:53:00 > e
2011-05-21 15:53:01 > e
2011-05-21 15:53:02 > e
2011-05-21 15:53:03 > e
2011-05-21 15:53:04 > e
2011-05-21 15:53:05 > e
2011-05-21 15:53:06 > w
2011-05-21 15:53:07 > w
2011-05-21 15:53:08 > w
2011-05-21 15:53:09 > n
2011-05-21 15:53:11 > e
2011-05-21 15:53:12 > pray
2011-05-21 15:53:12 > w
2011-05-21 15:53:13 > s
2011-05-21 15:53:14 > e
2011-05-21 15:53:15 > e
2011-05-21 15:53:16 > e
2011-05-21 15:53:17 > e
2011-05-21 15:53:18 > e
2011-05-21 15:53:19 > s
2011-05-21 15:53:20 > w
2011-05-21 15:53:30 > renew contract for 7 days
2011-05-21 15:54:23 > quit
2011-05-21 16:09:02 > look
2011-05-21 16:09:02 > look at renfield
2011-05-21 16:09:02 > s
2011-05-21 16:09:03 > e
2011-05-21 16:09:04 > e
2011-05-21 16:09:05 > e
2011-05-21 16:09:07 > e
2011-05-21 16:09:08 > e
2011-05-21 16:09:09 > e
2011-05-21 16:09:10 > e
2011-05-21 16:09:11 > e
2011-05-21 16:09:12 > s
2011-05-21 16:09:13 > w
2011-05-21 16:09:24 > e
2011-05-21 16:09:25 > n
2011-05-21 16:09:26 > w
2011-05-21 16:09:28 > w
2011-05-21 16:09:29 > withdraw 6000
2011-05-21 16:09:29 > renew contract for 7 days
2011-05-21 16:09:29 > deposit all
2011-05-21 16:11:16 > look
2011-05-21 16:11:17 > quit
2011-05-21 16:11:20 > look
2011-05-21 16:11:20 > quit
2011-05-21 16:11:24 > look
2011-05-21 16:11:24 > quit
2011-05-21 16:11:27 > look
2011-05-21 16:11:27 > quit
2011-05-21 16:11:30 > look
2011-05-21 16:11:30 > quit
2011-05-21 16:11:34 > look
2011-05-21 16:11:34 > quit
2011-05-21 16:11:37 > look
2011-05-21 16:11:37 > quit
2011-05-21 16:11:41 > look
2011-05-21 16:11:41 > quit
2011-05-21 16:11:44 > look
2011-05-21 16:11:44 > quit
2011-05-21 16:11:48 > look
2011-05-21 16:11:48 > quit
2011-05-21 16:11:51 > look
2011-05-21 16:11:51 > quit
2011-05-21 16:11:55 > look
2011-05-21 16:11:55 > quit
2011-05-21 16:11:58 > look
2011-05-21 16:11:58 > quit
2011-05-21 16:12:02 > look
2011-05-21 16:12:02 > quit
2011-05-21 16:12:05 > look
2011-05-21 16:12:05 > quit
2011-05-21 16:12:09 > look
2011-05-21 16:12:09 > quit
2011-05-21 16:12:12 > look
2011-05-21 16:12:12 > quit
2011-05-21 16:12:16 > look
2011-05-21 16:12:16 > quit
2011-05-21 16:12:19 > look
2011-05-21 16:12:19 > quit
2011-05-21 16:12:23 > look
2011-05-21 16:12:23 > quit
2011-05-21 16:12:26 > look
2011-05-21 16:12:26 > quit
2011-05-21 16:12:30 > look
2011-05-21 16:12:30 > quit
2011-05-21 16:12:33 > look
2011-05-21 16:12:33 > quit
2011-05-21 16:12:37 > look
2011-05-21 16:12:37 > quit
2011-05-21 16:12:40 > look
2011-05-21 16:12:40 > quit
2011-05-21 16:12:43 > look
2011-05-21 16:12:43 > quit
2011-05-21 16:12:47 > look
2011-05-21 16:12:47 > quit
2011-05-21 16:12:50 > look
2011-05-21 16:12:50 > quit
2011-05-21 16:12:54 > look
2011-05-21 16:12:54 > quit
2011-05-21 16:12:57 > look
2011-05-21 16:12:57 > quit
2011-05-21 16:13:01 > look
2011-05-21 16:13:01 > quit
2011-05-21 16:13:04 > look
2011-05-21 16:13:04 > quit
2011-05-21 16:13:07 > look
2011-05-21 16:13:07 > quit
2011-05-21 16:13:09 > quit
